{
  "0 debug pnpm:scope": {
    "selected": 1
  },
  "1 debug pnpm:package-manifest": {
    "initial": {
      "name": "type-witer",
      "version": "1.0.0",
      "description": "",
      "main": "index.js",
      "scripts": {
        "test": "echo \"Error: no test specified\" && exit 1",
        "commit": "git-cz"
      },
      "lint-staged": {
        "src/**/*.ts?(x)": [
          "prettier --write",
          "eslint --fix",
          "git add"
        ],
        "src/**/*.less": [
          "stylelint --syntax less --fix",
          "git add"
        ]
      },
      "husky": {
        "hooks": {
          "commit-msg": "commitlint -E HUSKY_GIT_PARAMS",
          "pre-commit": "lint-staged"
        }
      },
      "author": "",
      "license": "ISC",
      "devDependencies": {
        "@commitlint/cli": "^17.0.2",
        "@commitlint/config-conventional": "^17.0.2",
        "@types/react": "^18.0.10",
        "@types/react-dom": "^18.0.5",
        "@umijs/fabric": "^2.10.0",
        "commitizen": "^4.2.4",
        "cz-conventional-changelog": "^3.3.0",
        "husky": "^8.0.1",
        "lint-staged": "^13.0.0",
        "prettier": "^2.6.2",
        "prop-types": "^15.8.1",
        "react": "^18.1.0",
        "react-dom": "^18.1.0",
        "typescript": "^4.7.2"
      }
    },
    "prefix": "/Users/wuchuheng/Desktop/myprojects/wuchuheng/npm/type-witer-js"
  },
  "2 debug pnpm:context": {
    "currentLockfileExists": true,
    "storeDir": "/Users/wuchuheng/.pnpm-store/v3",
    "virtualStoreDir": "/Users/wuchuheng/Desktop/myprojects/wuchuheng/npm/type-witer-js/node_modules/.pnpm"
  },
  "3 debug pnpm:stage": {
    "prefix": "/Users/wuchuheng/Desktop/myprojects/wuchuheng/npm/type-witer-js",
    "stage": "resolution_started"
  },
  "4 debug pnpm:_dependency_resolved": {
    "resolution": "registry.npmmirror.com/@commitlint/cli/17.0.2",
    "wanted": {
      "dependentId": ".",
      "name": "@commitlint/cli",
      "rawSpec": "^17.0.2"
    }
  },
  "5 debug pnpm:_dependency_resolved": {
    "resolution": "registry.npmmirror.com/@commitlint/config-conventional/17.0.2",
    "wanted": {
      "dependentId": ".",
      "name": "@commitlint/config-conventional",
      "rawSpec": "^17.0.2"
    }
  },
  "6 debug pnpm:_dependency_resolved": {
    "resolution": "registry.npmmirror.com/@types/react/18.0.10",
    "wanted": {
      "dependentId": ".",
      "name": "@types/react",
      "rawSpec": "^18.0.10"
    }
  },
  "7 debug pnpm:_dependency_resolved": {
    "resolution": "registry.npmmirror.com/@types/react-dom/18.0.5",
    "wanted": {
      "dependentId": ".",
      "name": "@types/react-dom",
      "rawSpec": "^18.0.5"
    }
  },
  "8 debug pnpm:_dependency_resolved": {
    "resolution": "registry.npmmirror.com/@umijs/fabric/2.10.0",
    "wanted": {
      "dependentId": ".",
      "name": "@umijs/fabric",
      "rawSpec": "^2.10.0"
    }
  },
  "9 debug pnpm:_dependency_resolved": {
    "resolution": "registry.npmmirror.com/commitizen/4.2.4",
    "wanted": {
      "dependentId": ".",
      "name": "commitizen",
      "rawSpec": "^4.2.4"
    }
  },
  "10 debug pnpm:_dependency_resolved": {
    "resolution": "registry.npmmirror.com/cz-conventional-changelog/3.3.0",
    "wanted": {
      "dependentId": ".",
      "name": "cz-conventional-changelog",
      "rawSpec": "^3.3.0"
    }
  },
  "11 debug pnpm:_dependency_resolved": {
    "resolution": "registry.npmmirror.com/husky/8.0.1",
    "wanted": {
      "dependentId": ".",
      "name": "husky",
      "rawSpec": "^8.0.1"
    }
  },
  "12 debug pnpm:_dependency_resolved": {
    "resolution": "registry.npmmirror.com/lint-staged/13.0.0",
    "wanted": {
      "dependentId": ".",
      "name": "lint-staged",
      "rawSpec": "^13.0.0"
    }
  },
  "13 debug pnpm:_dependency_resolved": {
    "resolution": "registry.npmmirror.com/prettier/2.6.2",
    "wanted": {
      "dependentId": ".",
      "name": "prettier",
      "rawSpec": "^2.6.2"
    }
  },
  "14 debug pnpm:_dependency_resolved": {
    "resolution": "registry.npmmirror.com/prop-types/15.8.1",
    "wanted": {
      "dependentId": ".",
      "name": "prop-types",
      "rawSpec": "^15.8.1"
    }
  },
  "15 debug pnpm:_dependency_resolved": {
    "resolution": "registry.npmmirror.com/react/18.1.0",
    "wanted": {
      "dependentId": ".",
      "name": "react",
      "rawSpec": "^18.1.0"
    }
  },
  "16 debug pnpm:_dependency_resolved": {
    "resolution": "registry.npmmirror.com/react-dom/18.1.0",
    "wanted": {
      "dependentId": ".",
      "name": "react-dom",
      "rawSpec": "^18.1.0"
    }
  },
  "17 debug pnpm:_dependency_resolved": {
    "resolution": "registry.npmmirror.com/typescript/4.7.2",
    "wanted": {
      "dependentId": ".",
      "name": "typescript",
      "rawSpec": "^4.7.2"
    }
  },
  "18 debug pnpm:progress": {
    "packageId": "registry.npmmirror.com/@commitlint/cli/17.0.2",
    "requester": "/Users/wuchuheng/Desktop/myprojects/wuchuheng/npm/type-witer-js",
    "status": "found_in_store"
  },
  "19 debug pnpm:progress": {
    "packageId": "registry.npmmirror.com/@commitlint/cli/17.0.2",
    "requester": "/Users/wuchuheng/Desktop/myprojects/wuchuheng/npm/type-witer-js",
    "status": "resolved"
  },
  "20 debug pnpm:progress": {
    "packageId": "registry.npmmirror.com/@commitlint/config-conventional/17.0.2",
    "requester": "/Users/wuchuheng/Desktop/myprojects/wuchuheng/npm/type-witer-js",
    "status": "found_in_store"
  },
  "21 debug pnpm:progress": {
    "packageId": "registry.npmmirror.com/@commitlint/config-conventional/17.0.2",
    "requester": "/Users/wuchuheng/Desktop/myprojects/wuchuheng/npm/type-witer-js",
    "status": "resolved"
  },
  "22 debug pnpm:progress": {
    "packageId": "registry.npmmirror.com/@types/react/18.0.10",
    "requester": "/Users/wuchuheng/Desktop/myprojects/wuchuheng/npm/type-witer-js",
    "status": "found_in_store"
  },
  "23 debug pnpm:progress": {
    "packageId": "registry.npmmirror.com/@types/react/18.0.10",
    "requester": "/Users/wuchuheng/Desktop/myprojects/wuchuheng/npm/type-witer-js",
    "status": "resolved"
  },
  "24 debug pnpm:progress": {
    "packageId": "registry.npmmirror.com/@types/react-dom/18.0.5",
    "requester": "/Users/wuchuheng/Desktop/myprojects/wuchuheng/npm/type-witer-js",
    "status": "found_in_store"
  },
  "25 debug pnpm:progress": {
    "packageId": "registry.npmmirror.com/@types/react-dom/18.0.5",
    "requester": "/Users/wuchuheng/Desktop/myprojects/wuchuheng/npm/type-witer-js",
    "status": "resolved"
  },
  "26 debug pnpm:progress": {
    "packageId": "registry.npmmirror.com/@umijs/fabric/2.10.0",
    "requester": "/Users/wuchuheng/Desktop/myprojects/wuchuheng/npm/type-witer-js",
    "status": "found_in_store"
  },
  "27 debug pnpm:progress": {
    "packageId": "registry.npmmirror.com/@umijs/fabric/2.10.0",
    "requester": "/Users/wuchuheng/Desktop/myprojects/wuchuheng/npm/type-witer-js",
    "status": "resolved"
  },
  "28 debug pnpm:progress": {
    "packageId": "registry.npmmirror.com/cz-conventional-changelog/3.3.0",
    "requester": "/Users/wuchuheng/Desktop/myprojects/wuchuheng/npm/type-witer-js",
    "status": "found_in_store"
  },
  "29 debug pnpm:progress": {
    "packageId": "registry.npmmirror.com/cz-conventional-changelog/3.3.0",
    "requester": "/Users/wuchuheng/Desktop/myprojects/wuchuheng/npm/type-witer-js",
    "status": "resolved"
  },
  "30 debug pnpm:progress": {
    "packageId": "registry.npmmirror.com/husky/8.0.1",
    "requester": "/Users/wuchuheng/Desktop/myprojects/wuchuheng/npm/type-witer-js",
    "status": "found_in_store"
  },
  "31 debug pnpm:progress": {
    "packageId": "registry.npmmirror.com/husky/8.0.1",
    "requester": "/Users/wuchuheng/Desktop/myprojects/wuchuheng/npm/type-witer-js",
    "status": "resolved"
  },
  "32 debug pnpm:progress": {
    "packageId": "registry.npmmirror.com/lint-staged/13.0.0",
    "requester": "/Users/wuchuheng/Desktop/myprojects/wuchuheng/npm/type-witer-js",
    "status": "found_in_store"
  },
  "33 debug pnpm:progress": {
    "packageId": "registry.npmmirror.com/lint-staged/13.0.0",
    "requester": "/Users/wuchuheng/Desktop/myprojects/wuchuheng/npm/type-witer-js",
    "status": "resolved"
  },
  "34 debug pnpm:progress": {
    "packageId": "registry.npmmirror.com/prettier/2.6.2",
    "requester": "/Users/wuchuheng/Desktop/myprojects/wuchuheng/npm/type-witer-js",
    "status": "found_in_store"
  },
  "35 debug pnpm:progress": {
    "packageId": "registry.npmmirror.com/prettier/2.6.2",
    "requester": "/Users/wuchuheng/Desktop/myprojects/wuchuheng/npm/type-witer-js",
    "status": "resolved"
  },
  "36 debug pnpm:progress": {
    "packageId": "registry.npmmirror.com/commitizen/4.2.4",
    "requester": "/Users/wuchuheng/Desktop/myprojects/wuchuheng/npm/type-witer-js",
    "status": "found_in_store"
  },
  "37 debug pnpm:progress": {
    "packageId": "registry.npmmirror.com/commitizen/4.2.4",
    "requester": "/Users/wuchuheng/Desktop/myprojects/wuchuheng/npm/type-witer-js",
    "status": "resolved"
  },
  "38 debug pnpm:progress": {
    "packageId": "registry.npmmirror.com/prop-types/15.8.1",
    "requester": "/Users/wuchuheng/Desktop/myprojects/wuchuheng/npm/type-witer-js",
    "status": "found_in_store"
  },
  "39 debug pnpm:progress": {
    "packageId": "registry.npmmirror.com/prop-types/15.8.1",
    "requester": "/Users/wuchuheng/Desktop/myprojects/wuchuheng/npm/type-witer-js",
    "status": "resolved"
  },
  "40 debug pnpm:progress": {
    "packageId": "registry.npmmirror.com/react-dom/18.1.0",
    "requester": "/Users/wuchuheng/Desktop/myprojects/wuchuheng/npm/type-witer-js",
    "status": "found_in_store"
  },
  "41 debug pnpm:progress": {
    "packageId": "registry.npmmirror.com/react-dom/18.1.0",
    "requester": "/Users/wuchuheng/Desktop/myprojects/wuchuheng/npm/type-witer-js",
    "status": "resolved"
  },
  "42 debug pnpm:progress": {
    "packageId": "registry.npmmirror.com/react/18.1.0",
    "requester": "/Users/wuchuheng/Desktop/myprojects/wuchuheng/npm/type-witer-js",
    "status": "found_in_store"
  },
  "43 debug pnpm:progress": {
    "packageId": "registry.npmmirror.com/react/18.1.0",
    "requester": "/Users/wuchuheng/Desktop/myprojects/wuchuheng/npm/type-witer-js",
    "status": "resolved"
  },
  "44 debug pnpm:progress": {
    "packageId": "registry.npmmirror.com/typescript/4.7.2",
    "requester": "/Users/wuchuheng/Desktop/myprojects/wuchuheng/npm/type-witer-js",
    "status": "found_in_store"
  },
  "45 debug pnpm:progress": {
    "packageId": "registry.npmmirror.com/typescript/4.7.2",
    "requester": "/Users/wuchuheng/Desktop/myprojects/wuchuheng/npm/type-witer-js",
    "status": "resolved"
  },
  "46 debug pnpm:_dependency_resolved": {
    "resolution": "registry.npmmirror.com/less/4.1.2",
    "wanted": {
      "dependentId": ".",
      "name": "less",
      "rawSpec": "latest"
    }
  },
  "47 debug pnpm:progress": {
    "packageId": "registry.npmmirror.com/less/4.1.2",
    "requester": "/Users/wuchuheng/Desktop/myprojects/wuchuheng/npm/type-witer-js",
    "status": "resolved"
  },
  "48 debug pnpm:progress": {
    "packageId": "registry.npmmirror.com/less/4.1.2",
    "requester": "/Users/wuchuheng/Desktop/myprojects/wuchuheng/npm/type-witer-js",
    "status": "found_in_store"
  },
  "49 error pnpm": {
    "code": "ERR_PNPM_FETCH_404",
    "hint": "less-loarder is not in the npm registry, or you have no permission to fetch it.\n\nNo authorization header was set for the request.",
    "request": {
      "url": "https://registry.npm.taobao.org/less-loarder"
    },
    "response": {
      "size": 0
    },
    "pkgName": "less-loarder",
    "pkgsStack": [],
    "err": {
      "name": "pnpm",
      "message": "GET https://registry.npm.taobao.org/less-loarder: Not Found - 404",
      "code": "ERR_PNPM_FETCH_404",
      "stack": "pnpm: GET https://registry.npm.taobao.org/less-loarder: Not Found - 404\n    at RetryOperation._fn (/Users/wuchuheng/.nvm/versions/node/v16.14.2/lib/node_modules/pnpm/dist/pnpm.cjs:85721:19)\n    at processTicksAndRejections (node:internal/process/task_queues:96:5)"
    }
  }
}